<?xml version="1.0" encoding="utf-8"?><testsuites name="pytest tests"><testsuite name="pytest" errors="0" failures="0" skipped="0" tests="4" time="1.522" timestamp="2026-03-25T03:36:25.252380+00:00" hostname="agent-env-85360e73-2232-47e9-aa51-010212065fe1"><testcase classname="backend.tests.test_priority_c_routing_management" name="test_routing_policy_update_and_telemetry_endpoint" time="0.348" /><testcase classname="backend.tests.test_provider_import_report_workflow" name="test_scanner_import_text_normalizes_findings_and_skips_invalid_items" time="0.267" /><testcase classname="backend.tests.test_provider_import_report_workflow" name="test_scanner_import_json_normalizes_findings_and_skips_invalid_items" time="0.286" /><testcase classname="backend.tests.test_provider_import_report_workflow" name="test_openrouter_model_catalog_loads_and_manual_refresh_works" time="0.497" /></testsuite></testsuites>