<?xml version="1.0" encoding="utf-8"?><testsuites name="pytest tests"><testsuite name="pytest" errors="0" failures="0" skipped="0" tests="14" time="19.893" timestamp="2026-03-25T02:15:10.564159+00:00" hostname="agent-env-85360e73-2232-47e9-aa51-010212065fe1"><testcase classname="backend.tests.test_priority_c_routing_policies" name="test_routing_policy_catalog_and_default_update" time="0.325" /><testcase classname="backend.tests.test_priority_c_routing_policies" name="test_routing_policy_fallback_error_reports_primary_and_fallback_reasons" time="0.695" /><testcase classname="backend.tests.test_priority_b_model_catalog_and_regression" name="test_providers_load_for_settings_cards" time="0.153" /><testcase classname="backend.tests.test_priority_b_model_catalog_and_regression" name="test_openrouter_catalog_load_endpoint" time="0.163" /><testcase classname="backend.tests.test_priority_b_model_catalog_and_regression" name="test_openrouter_manual_refresh_endpoint" time="0.389" /><testcase classname="backend.tests.test_priority_b_model_catalog_and_regression" name="test_openrouter_catalog_source_meta_is_healthy" time="0.210" /><testcase classname="backend.tests.test_priority_b_model_catalog_and_regression" name="test_existing_import_flow_still_works" time="0.362" /><testcase classname="backend.tests.test_provider_import_report_workflow" name="test_provider_custom_key_save_is_encrypted_and_remove_works[openai]" time="0.415" /><testcase classname="backend.tests.test_provider_import_report_workflow" name="test_provider_custom_key_save_is_encrypted_and_remove_works[anthropic]" time="0.340" /><testcase classname="backend.tests.test_provider_import_report_workflow" name="test_provider_custom_key_save_is_encrypted_and_remove_works[openrouter]" time="0.395" /><testcase classname="backend.tests.test_provider_import_report_workflow" name="test_scanner_import_text_normalizes_findings_and_skips_invalid_items" time="0.372" /><testcase classname="backend.tests.test_provider_import_report_workflow" name="test_scanner_import_json_normalizes_findings_and_skips_invalid_items" time="0.330" /><testcase classname="backend.tests.test_provider_import_report_workflow" name="test_report_pending_to_approved_and_export_markdown_workflow" time="15.134" /><testcase classname="backend.tests.test_provider_import_report_workflow" name="test_openrouter_model_catalog_loads_and_manual_refresh_works" time="0.467" /></testsuite></testsuites>