<?xml version="1.0" encoding="utf-8"?><testsuites name="pytest tests"><testsuite name="pytest" errors="0" failures="0" skipped="0" tests="9" time="27.310" timestamp="2026-03-25T03:00:59.557402+00:00" hostname="agent-env-85360e73-2232-47e9-aa51-010212065fe1"><testcase classname="backend.tests.test_priority_c_routing_management" name="test_routing_policy_update_and_telemetry_endpoint" time="11.676" /><testcase classname="backend.tests.test_priority_c_routing_policies" name="test_routing_policy_catalog_and_default_update" time="0.277" /><testcase classname="backend.tests.test_priority_c_routing_policies" name="test_routing_policy_fallback_error_reports_primary_and_fallback_reasons" time="0.669" /><testcase classname="backend.tests.test_priority_c_direct_mode_regression" name="test_analysis_direct_mode_still_works" time="13.405" /><testcase classname="backend.tests.test_priority_b_model_catalog_and_regression" name="test_providers_load_for_settings_cards" time="0.181" /><testcase classname="backend.tests.test_priority_b_model_catalog_and_regression" name="test_openrouter_catalog_load_endpoint" time="0.191" /><testcase classname="backend.tests.test_priority_b_model_catalog_and_regression" name="test_openrouter_manual_refresh_endpoint" time="0.392" /><testcase classname="backend.tests.test_priority_b_model_catalog_and_regression" name="test_openrouter_catalog_source_meta_is_healthy" time="0.204" /><testcase classname="backend.tests.test_priority_b_model_catalog_and_regression" name="test_existing_import_flow_still_works" time="0.254" /></testsuite></testsuites>