<?xml version="1.0" encoding="utf-8"?><testsuites name="pytest tests"><testsuite name="pytest" errors="0" failures="0" skipped="2" tests="2" time="1.117" timestamp="2026-03-25T03:35:39.716633+00:00" hostname="agent-env-85360e73-2232-47e9-aa51-010212065fe1"><testcase classname="backend.tests.test_priority_d_agent_workflow_runtime" name="test_agent_workflow_post_then_get_returns_completed_steps_with_handoffs_and_route_trace" time="0.571"><skipped type="pytest.skip" message="LLM/runtime dependency blocked workflow execution: Failed to generate chat completion: litellm.BadRequestError: OpenAIException - Budget has been exceeded! Current cost: 2.109741600000001, Max budget: 2.0">/app/backend/tests/test_priority_d_agent_workflow_runtime.py:98: LLM/runtime dependency blocked workflow execution: Failed to generate chat completion: litellm.BadRequestError: OpenAIException - Budget has been exceeded! Current cost: 2.109741600000001, Max budget: 2.0</skipped></testcase><testcase classname="backend.tests.test_priority_d_agent_workflow_runtime" name="test_agent_workflow_current_run_memory_does_not_leak_other_run_objective_markers" time="0.441"><skipped type="pytest.skip" message="LLM/runtime dependency blocked workflow execution: Failed to generate chat completion: litellm.BadRequestError: OpenAIException - Budget has been exceeded! Current cost: 2.109741600000001, Max budget: 2.0">/app/backend/tests/test_priority_d_agent_workflow_runtime.py:98: LLM/runtime dependency blocked workflow execution: Failed to generate chat completion: litellm.BadRequestError: OpenAIException - Budget has been exceeded! Current cost: 2.109741600000001, Max budget: 2.0</skipped></testcase></testsuite></testsuites>