<?xml version="1.0" encoding="utf-8"?><testsuites name="pytest tests"><testsuite name="pytest" errors="0" failures="1" skipped="2" tests="3" time="1.186" timestamp="2026-03-25T03:35:56.141032+00:00" hostname="agent-env-85360e73-2232-47e9-aa51-010212065fe1"><testcase classname="backend.tests.test_priority_d_agent_workflow_runtime" name="test_agent_workflow_post_then_get_returns_completed_steps_with_handoffs_and_route_trace" time="0.469"><skipped type="pytest.skip" message="LLM/runtime dependency blocked workflow execution: Failed to generate chat completion: litellm.BadRequestError: OpenAIException - Budget has been exceeded! Current cost: 2.035857600000001, Max budget: 2.0">/app/backend/tests/test_priority_d_agent_workflow_runtime.py:99: LLM/runtime dependency blocked workflow execution: Failed to generate chat completion: litellm.BadRequestError: OpenAIException - Budget has been exceeded! Current cost: 2.035857600000001, Max budget: 2.0</skipped></testcase><testcase classname="backend.tests.test_priority_d_agent_workflow_runtime" name="test_agent_workflow_get_returns_latest_steps_and_handoff_fields_for_existing_run" time="0.116"><failure message="AssertionError: assert 0 &gt; 20&#10; +  where 0 = len('')&#10; +    where '' = &lt;built-in method get of dict object at 0xfd8bc19bfcc0&gt;('output', '')&#10; +      where &lt;built-in method get of dict object at 0xfd8bc19bfcc0&gt; = {'agent_key': 'reporter', 'audit_run_id': '3df373f0-8ac1-4efb-82b6-07a0deb135db', 'created_at': '2026-03-25T03:35:08.567989+00:00', 'depends_on': ['evidence_normalizer', 'risk_reviewer'], ...}.get">backend/tests/test_priority_d_agent_workflow_runtime.py:196: in test_agent_workflow_get_returns_latest_steps_and_handoff_fields_for_existing_run
    assert len(reporter.get("output", "")) &gt; 20
E   AssertionError: assert 0 &gt; 20
E    +  where 0 = len('')
E    +    where '' = &lt;built-in method get of dict object at 0xfd8bc19bfcc0&gt;('output', '')
E    +      where &lt;built-in method get of dict object at 0xfd8bc19bfcc0&gt; = {'agent_key': 'reporter', 'audit_run_id': '3df373f0-8ac1-4efb-82b6-07a0deb135db', 'created_at': '2026-03-25T03:35:08.567989+00:00', 'depends_on': ['evidence_normalizer', 'risk_reviewer'], ...}.get</failure></testcase><testcase classname="backend.tests.test_priority_d_agent_workflow_runtime" name="test_agent_workflow_current_run_memory_does_not_leak_other_run_objective_markers" time="0.515"><skipped type="pytest.skip" message="LLM/runtime dependency blocked workflow execution: Failed to generate chat completion: litellm.BadRequestError: OpenAIException - Budget has been exceeded! Current cost: 2.109741600000001, Max budget: 2.0">/app/backend/tests/test_priority_d_agent_workflow_runtime.py:99: LLM/runtime dependency blocked workflow execution: Failed to generate chat completion: litellm.BadRequestError: OpenAIException - Budget has been exceeded! Current cost: 2.109741600000001, Max budget: 2.0</skipped></testcase></testsuite></testsuites>