<?xml version="1.0" encoding="utf-8"?><testsuites name="pytest tests"><testsuite name="pytest" errors="0" failures="0" skipped="0" tests="4" time="14.120" timestamp="2026-03-24T02:52:24.044582+00:00" hostname="agent-env-85360e73-2232-47e9-aa51-010212065fe1"><testcase classname="backend.tests.test_provider_import_report_workflow" name="test_provider_custom_key_save_is_encrypted_and_remove_works" time="0.037" /><testcase classname="backend.tests.test_provider_import_report_workflow" name="test_scanner_import_text_normalizes_findings_and_skips_invalid_items" time="0.023" /><testcase classname="backend.tests.test_provider_import_report_workflow" name="test_scanner_import_json_normalizes_findings_and_skips_invalid_items" time="0.020" /><testcase classname="backend.tests.test_provider_import_report_workflow" name="test_report_pending_to_approved_and_export_markdown_workflow" time="13.884" /></testsuite></testsuites>