<?xml version="1.0" encoding="utf-8"?><testsuites name="pytest tests"><testsuite name="pytest" errors="0" failures="2" skipped="0" tests="2" time="120.738" timestamp="2026-03-25T03:23:02.947353+00:00" hostname="agent-env-85360e73-2232-47e9-aa51-010212065fe1"><testcase classname="backend.tests.test_priority_d_agent_workflow_runtime" name="test_agent_workflow_post_then_get_returns_completed_steps_with_handoffs_and_route_trace" time="60.427"><failure message="assert 502 == 200&#10; +  where 502 = &lt;Response [502]&gt;.status_code">backend/tests/test_priority_d_agent_workflow_runtime.py:80: in test_agent_workflow_post_then_get_returns_completed_steps_with_handoffs_and_route_trace
    assert post_response.status_code == 200
E   assert 502 == 200
E    +  where 502 = &lt;Response [502]&gt;.status_code</failure></testcase><testcase classname="backend.tests.test_priority_d_agent_workflow_runtime" name="test_agent_workflow_current_run_memory_does_not_leak_other_run_objective_markers" time="60.228"><failure message="assert 502 == 200&#10; +  where 502 = &lt;Response [502]&gt;.status_code">backend/tests/test_priority_d_agent_workflow_runtime.py:129: in test_agent_workflow_current_run_memory_does_not_leak_other_run_objective_markers
    foreign_run_id = create_test_run(api_client, objective_suffix=foreign_marker)
                     ^^^^^^^^^^^^^^^^^^^^^^^^^^^^^^^^^^^^^^^^^^^^^^^^^^^^^^^^^^^^
backend/tests/test_priority_d_agent_workflow_runtime.py:44: in create_test_run
    assert target_response.status_code == 200
E   assert 502 == 200
E    +  where 502 = &lt;Response [502]&gt;.status_code</failure></testcase></testsuite></testsuites>