<?xml version="1.0" encoding="utf-8"?><testsuites name="pytest tests"><testsuite name="pytest" errors="0" failures="0" skipped="0" tests="2" time="0.545" timestamp="2026-03-25T03:03:42.133211+00:00" hostname="agent-env-85360e73-2232-47e9-aa51-010212065fe1"><testcase classname="backend.tests.test_priority_c_policy_edit_window_regression" name="test_routing_policy_edit_persists_label_goal_primary_and_fallback" time="0.374" /><testcase classname="backend.tests.test_priority_c_policy_edit_window_regression" name="test_routing_policy_telemetry_uses_last_25_window_and_route_summaries" time="0.112" /></testsuite></testsuites>